<?xml version="1.0" encoding="UTF-8"?>
<!-- Generated by org.testng.reporters.JUnitReportReporter -->
<testsuite hostname="DESKTOP-87NE48G" failures="0" tests="2" name="Signup_signIn.Signup" time="73.602" errors="0" timestamp="2024-08-19T15:39:22 IST" skipped="0">
  <testcase classname="Signup_signIn.Signup" name="TC05_SignUp_Reciever" time="42.137"/>
  <system-out/>
  <testcase classname="Signup_signIn.Signup" name="TC04_SignUp_Supplier" time="31.465"/>
  <system-out/>
</testsuite> <!-- Signup_signIn.Signup -->
