<?xml version="1.0" encoding="UTF-8"?>
<!-- Generated by org.testng.reporters.JUnitReportReporter -->
<testsuite hostname="DESKTOP-87NE48G" failures="0" tests="3" name="Add_Product.Check_required_format" time="95.906" errors="0" timestamp="2024-08-28T08:52:29 IST" skipped="0">
  <testcase classname="Add_Product.Check_required_format" name="TC_04A" time="30.849"/>
  <system-out/>
  <testcase classname="Add_Product.Check_required_format" name="TC_04B" time="30.742"/>
  <system-out/>
  <testcase classname="Add_Product.Check_required_format" name="TC_04C" time="34.315"/>
  <system-out/>
</testsuite> <!-- Add_Product.Check_required_format -->
