<?xml version="1.0" encoding="UTF-8"?>
<!-- Generated by org.testng.reporters.JUnitReportReporter -->
<testsuite hostname="DESKTOP-87NE48G" failures="0" tests="3" name="contact_Us.Check_required_fromat" time="94.696" errors="0" timestamp="2024-08-28T12:05:16 IST" skipped="0">
  <testcase classname="contact_Us.Check_required_fromat" name="TC_02B" time="31.073"/>
  <system-out/>
  <testcase classname="contact_Us.Check_required_fromat" name="TC_02C" time="30.897"/>
  <system-out/>
  <testcase classname="contact_Us.Check_required_fromat" name="TC_02A" time="32.726"/>
  <system-out/>
</testsuite> <!-- contact_Us.Check_required_fromat -->
