<?xml version="1.0" encoding="UTF-8"?>
<!-- Generated by org.testng.reporters.JUnitReportReporter -->
<testsuite hostname="DESKTOP-87NE48G" failures="0" tests="4" name="Login.Check_login" time="616.149" errors="0" timestamp="2024-08-19T20:47:13 IST" skipped="0">
  <testcase classname="Login.Check_login" name="TC11" time="330.299"/>
  <system-out/>
  <testcase classname="Login.Check_login" name="TC14" time="68.387"/>
  <system-out/>
  <testcase classname="Login.Check_login" name="TC12" time="182.057"/>
  <system-out/>
  <testcase classname="Login.Check_login" name="TC13" time="35.406"/>
  <system-out/>
</testsuite> <!-- Login.Check_login -->
